ADAU145X Assembler, Analog Devices Inc.
Version: 4.7.0,1827  (built 4/5/2022)

##### Compile Started: Thursday, December 1, 2022 10:32:13 PM #####
ADAU145X Assembler, Analog Devices Inc.
Version: 4.7.0,1827  (built 4/5/2022)

##### Compile Started: Thursday, December 1, 2022 10:32:13 PM #####
##### Compile succeeded:  0 errors, 0 warnings #####

##### Summary #####
DM0 RAM used:       00046    (of 40960)
DM1 RAM used:       00028    (of 40960)
PM  RAM used(Data): 00000    (of 24576)
PM  RAM used(Inst): 00137    (of 24576) 124 instructions (32bit: 111  64bit: 13)
Total PM used:      00137    (of 24576)

--------------------------------------------------------------------------------------
STREAM                        Inst      Inst      DM0     DM1     PM
Instance                      (cycles)  (size)    
--------------------------------------------------------------------------------------
STACK                          -         -        16      0       0       
FRAMEWORK                     60        42        4       8       0
DCB1_3                        16        16        6       4       0
Single 2                      7         8         5       1       0
Single 2_2                    7         8         5       1       0
Gen 1st Order1_3              7         7         3       5       0
Gen 1st Order1_2              7         7         3       5       0
AsrcIn1                       3         3         0       0       0
Output1_3                     2         2         0       0       0
Output1_4                     2         2         0       0       0
--------------------------------------------------------------------------------------
Total                         111       95        42      24      0
--------------------------------------------------------------------------------------
(% Fs=96.0kHz)                4%        1%        1%      1%      0%

